<?xml version="1.0" encoding="UTF-8"?>
<!-- Generated by org.testng.reporters.JUnitXMLReporter -->
<testsuite hostname="DESKTOP-L607ME9" name="HomePage Validate Featured Course Text" tests="1" failures="1" timestamp="6 Nov 2020 05:49:21 GMT" time="11.543" errors="0">
  <testcase name="validateFeaturedCourse" time="2.067" classname="TestCases.HomePageTest">
    <failure type="java.lang.AssertionError" message="expected [Featured Cos] but found [Featured Courses]">
      <![CDATA[java.lang.AssertionError: expected [Featured Cos] but found [Featured Courses]
	at TestCases.HomePageTest.validateFeaturedCourse(HomePageTest.java:31)
	at java.util.concurrent.FutureTask.run(FutureTask.java:266)
	at java.util.concurrent.ThreadPoolExecutor.runWorker(ThreadPoolExecutor.java:1149)
	at java.util.concurrent.ThreadPoolExecutor$Worker.run(ThreadPoolExecutor.java:624)
	at java.lang.Thread.run(Thread.java:748)
... Removed 22 stack frames]]>
    </failure>
  </testcase> <!-- validateFeaturedCourse -->
</testsuite> <!-- HomePage Validate Featured Course Text -->
